[[[[[ /var/www/predi-market ]]]]]

=> Started proxy.
=> Meteor 1.5 is available. Update this project with 'meteor update'.
=> Started MongoDB.
[34mW20170713-13:49:52.834(0)? (STDERR) [39m[35mWARNING:[39m
[34mW20170713-13:49:52.884(0)? (STDERR) [39m[35mcfs:graphicsmagick could not find "graphicsMagic" or "imageMagic" on the[39m
[34mW20170713-13:49:52.885(0)? (STDERR) [39m[35msystem.[39m
[34mW20170713-13:49:52.885(0)? (STDERR) [39m[35m[39m
[34mW20170713-13:49:52.886(0)? (STDERR) [39m[35mI just checked PATH to see if I could find the GraphicsMagick or ImageMagic[39m
[34mW20170713-13:49:52.886(0)? (STDERR) [39m[35munix/mac os/windows binaries on your system, I failed.[39m
[34mW20170713-13:49:52.888(0)? (STDERR) [39m[35m[39m
[34mW20170713-13:49:52.888(0)? (STDERR) [39m[35mWhy:[39m
[34mW20170713-13:49:52.889(0)? (STDERR) [39m[35m1. I may be blind or naive, help making me smarter[39m
[34mW20170713-13:49:52.890(0)? (STDERR) [39m[35m2. You havent added the path to the binaries[39m
[34mW20170713-13:49:52.890(0)? (STDERR) [39m[35m3. You havent actually installed GraphicsMagick or ImageMagick[39m
[34mW20170713-13:49:52.891(0)? (STDERR) [39m[35m[39m
[34mW20170713-13:49:52.892(0)? (STDERR) [39m[35m*** Make sure "$PATH" environment is configured "PATH:/path/to/binaries" ***[39m
[34mW20170713-13:49:52.892(0)? (STDERR) [39m[35m[39m
[34mW20170713-13:49:52.893(0)? (STDERR) [39m[35mInstallation hints:[39m
[34mW20170713-13:49:52.893(0)? (STDERR) [39m[35m* Mac OS X "brew install graphicsmagick" or "brew install imagemagick"[39m
[34mW20170713-13:49:52.893(0)? (STDERR) [39m[35m* Linux download rpm or use packagemanager[39m
[34mW20170713-13:49:52.894(0)? (STDERR) [39m[35m* Centos "yum install GraphicsMagick"* Windows download the installer and run[39m
[34mI20170713-13:49:53.401(0)? [39mKadira: completed instrumenting the app
=> Started your app.

=> App running at: http://localhost:3000/
[34mI20170713-13:53:40.890(0)? [39m====== BEGIN MAIL #0 ======
[34mI20170713-13:53:40.893(0)? [39m(Mail not sent; to enable sending, set the MAIL_URL environment variable.)
[34mI20170713-13:53:40.897(0)? [39mMIME-Version: 1.0
[34mI20170713-13:53:40.898(0)? [39mDate: Thu, 13 Jul 2017 13:53:40 +0000
[34mI20170713-13:53:40.898(0)? [39mFrom: noreply@thepredictionmarket.com
[34mI20170713-13:53:40.899(0)? [39mTo: mihir@yopmail.com
[34mI20170713-13:53:40.900(0)? [39mSubject: Welcome to the prediction market
[34mI20170713-13:53:40.900(0)? [39mContent-Type: text/plain; charset=utf-8
[34mI20170713-13:53:40.901(0)? [39mContent-Transfer-Encoding: quoted-printable
[34mI20170713-13:53:40.902(0)? [39m
[34mI20170713-13:53:40.906(0)? [39mDear participant
[34mI20170713-13:53:40.906(0)? [39m
[34mI20170713-13:53:40.907(0)? [39mSet your password by clicking the link below:
[34mI20170713-13:53:40.908(0)? [39m
[34mI20170713-13:53:40.909(0)? [39mhttp://localhost:3000/#/enroll-account/dewKdfUtRKM9odJGGfJufcVfy_w3UUmIvEn-jdLjxzl
[34mI20170713-13:53:40.910(0)? [39m
[34mI20170713-13:53:40.911(0)? [39mOnce you have set your password, you can start trading.
[34mI20170713-13:53:40.911(0)? [39mThank you for your participation.
[34mI20170713-13:53:40.912(0)? [39m====== END MAIL #0 ======
[34mI20170713-14:01:28.144(0)? [39m====== BEGIN MAIL #1 ======
[34mI20170713-14:01:28.146(0)? [39m(Mail not sent; to enable sending, set the MAIL_URL environment variable.)
[34mI20170713-14:01:28.149(0)? [39mMIME-Version: 1.0
[34mI20170713-14:01:28.151(0)? [39mDate: Thu, 13 Jul 2017 14:01:28 +0000
[34mI20170713-14:01:28.152(0)? [39mFrom: noreply@thepredictionmarket.com
[34mI20170713-14:01:28.153(0)? [39mTo: mihir12@yopmail.com
[34mI20170713-14:01:28.154(0)? [39mSubject: Welcome to the prediction market
[34mI20170713-14:01:28.156(0)? [39mContent-Type: text/plain; charset=utf-8
[34mI20170713-14:01:28.157(0)? [39mContent-Transfer-Encoding: quoted-printable
[34mI20170713-14:01:28.158(0)? [39m
[34mI20170713-14:01:28.166(0)? [39mDear participant
[34mI20170713-14:01:28.167(0)? [39m
[34mI20170713-14:01:28.168(0)? [39mSet your password by clicking the link below:
[34mI20170713-14:01:28.171(0)? [39m
[34mI20170713-14:01:28.172(0)? [39mhttp://localhost:3000/#/enroll-account/Cif8SrFH9TCJEV1Qo1LXsNDyKFixr6vbNtQvM3CVajg
[34mI20170713-14:01:28.173(0)? [39m
[34mI20170713-14:01:28.174(0)? [39mOnce you have set your password, you can start trading.
[34mI20170713-14:01:28.176(0)? [39mThank you for your participation.
[34mI20170713-14:01:28.177(0)? [39m====== END MAIL #1 ======
=> Exited from signal: SIGKILL
[34mW20170713-14:03:47.318(0)? (STDERR) [39m[35mWARNING:[39m
[34mW20170713-14:03:47.319(0)? (STDERR) [39m[35mcfs:graphicsmagick could not find "graphicsMagic" or "imageMagic" on the[39m
[34mW20170713-14:03:47.320(0)? (STDERR) [39m[35msystem.[39m
[34mW20170713-14:03:47.320(0)? (STDERR) [39m[35m[39m
[34mW20170713-14:03:47.320(0)? (STDERR) [39m[35mI just checked PATH to see if I could find the GraphicsMagick or ImageMagic[39m
[34mW20170713-14:03:47.321(0)? (STDERR) [39m[35munix/mac os/windows binaries on your system, I failed.[39m
[34mW20170713-14:03:47.321(0)? (STDERR) [39m[35m[39m
[34mW20170713-14:03:47.322(0)? (STDERR) [39m[35mWhy:[39m
[34mW20170713-14:03:47.322(0)? (STDERR) [39m[35m1. I may be blind or naive, help making me smarter[39m
[34mW20170713-14:03:47.323(0)? (STDERR) [39m[35m2. You havent added the path to the binaries[39m
[34mW20170713-14:03:47.323(0)? (STDERR) [39m[35m3. You havent actually installed GraphicsMagick or ImageMagick[39m
[34mW20170713-14:03:47.324(0)? (STDERR) [39m[35m[39m
[34mW20170713-14:03:47.324(0)? (STDERR) [39m[35m*** Make sure "$PATH" environment is configured "PATH:/path/to/binaries" ***[39m
[34mW20170713-14:03:47.325(0)? (STDERR) [39m[35m[39m
[34mW20170713-14:03:47.325(0)? (STDERR) [39m[35mInstallation hints:[39m
[34mW20170713-14:03:47.325(0)? (STDERR) [39m[35m* Mac OS X "brew install graphicsmagick" or "brew install imagemagick"[39m
[34mW20170713-14:03:47.326(0)? (STDERR) [39m[35m* Linux download rpm or use packagemanager[39m
[34mW20170713-14:03:47.326(0)? (STDERR) [39m[35m* Centos "yum install GraphicsMagick"* Windows download the installer and run[39m
[34mI20170713-14:03:47.970(0)? [39mKadira: completed instrumenting the app
=> Meteor server restarted
Unexpected mongo exit code null. Restarting.
Unexpected mongo exit code null. Restarting.
[34mI20170713-14:05:58.683(0)? [39m====== BEGIN MAIL #0 ======
[34mI20170713-14:05:58.684(0)? [39m(Mail not sent; to enable sending, set the MAIL_URL environment variable.)
[34mI20170713-14:05:58.685(0)? [39mMIME-Version: 1.0
[34mI20170713-14:05:58.686(0)? [39mDate: Thu, 13 Jul 2017 14:05:58 +0000
[34mI20170713-14:05:58.686(0)? [39mFrom: noreply@thepredictionmarket.com
[34mI20170713-14:05:58.687(0)? [39mTo: deepak12@yopmail.com
[34mI20170713-14:05:58.687(0)? [39mSubject: Welcome to the prediction market
[34mI20170713-14:05:58.688(0)? [39mContent-Type: text/plain; charset=utf-8
[34mI20170713-14:05:58.688(0)? [39mContent-Transfer-Encoding: quoted-printable
[34mI20170713-14:05:58.689(0)? [39m
[34mI20170713-14:05:58.693(0)? [39mDear participant
[34mI20170713-14:05:58.693(0)? [39m
[34mI20170713-14:05:58.694(0)? [39mSet your password by clicking the link below:
[34mI20170713-14:05:58.694(0)? [39m
[34mI20170713-14:05:58.695(0)? [39mhttp://localhost:3000/#/enroll-account/w8oesux6mupGvZtuoZ0Q4YkMHqkfvl_o1DlLtuyjB5G
[34mI20170713-14:05:58.695(0)? [39m
[34mI20170713-14:05:58.696(0)? [39mOnce you have set your password, you can start trading.
[34mI20170713-14:05:58.696(0)? [39mThank you for your participation.
[34mI20170713-14:05:58.696(0)? [39m====== END MAIL #0 ======
Unexpected mongo exit code null. Restarting.
Unexpected mongo exit code null. Restarting.
Unexpected mongo exit code null. Restarting.
